\BOOKMARK [0][-]{chapter.1}{Les limites de la s\351curit\351 routi\350re}{}% 1
\BOOKMARK [1][-]{section.1.1}{Les moyens mis en place pour la s\351curit\351 du conducteur en France.}{chapter.1}% 2
\BOOKMARK [2][-]{subsection.1.1.1}{Historique de la s\351curit\351 routi\350re depuis 40 ans}{section.1.1}% 3
\BOOKMARK [2][-]{subsection.1.1.2}{Bilan de quarante ann\351es de mesures}{section.1.1}% 4
\BOOKMARK [1][-]{section.1.2}{Les comportements \340 risques}{chapter.1}% 5
\BOOKMARK [2][-]{subsection.1.2.1}{Les principales causes d'accidents}{section.1.2}% 6
\BOOKMARK [2][-]{subsection.1.2.2}{La conduite \340 l'aveugle}{section.1.2}% 7
\BOOKMARK [0][-]{chapter.2}{La reconnaissance faciale}{}% 8
\BOOKMARK [1][-]{section.2.1}{Th\351orie}{chapter.2}% 9
\BOOKMARK [2][-]{subsection.2.1.1}{G\351n\351ralit\351s}{section.2.1}% 10
\BOOKMARK [2][-]{subsection.2.1.2}{La m\351thode Eigenface}{section.2.1}% 11
\BOOKMARK [2][-]{subsection.2.1.3}{La m\351thode Fisherface}{section.2.1}% 12
\BOOKMARK [2][-]{subsection.2.1.4}{La m\351thode LBPH}{section.2.1}% 13
\BOOKMARK [1][-]{section.2.2}{Exp\351rimentations}{chapter.2}% 14
\BOOKMARK [2][-]{subsection.2.2.1}{Protocole}{section.2.2}% 15
\BOOKMARK [2][-]{subsection.2.2.2}{R\351alisation des exp\351riences}{section.2.2}% 16
\BOOKMARK [2][-]{subsection.2.2.3}{R\351sultats et analyses}{section.2.2}% 17
\BOOKMARK [0][-]{chapter.3}{Reconnaissance des \351motions}{}% 18
\BOOKMARK [1][-]{section.3.1}{Historique}{chapter.3}% 19
\BOOKMARK [1][-]{section.3.2}{Th\351orie}{chapter.3}% 20
\BOOKMARK [2][-]{subsection.3.2.1}{Diff\351rentes solutions}{section.3.2}% 21
\BOOKMARK [2][-]{subsection.3.2.2}{Solution choisie}{section.3.2}% 22
\BOOKMARK [1][-]{section.3.3}{Exp\351rimentations}{chapter.3}% 23
\BOOKMARK [2][-]{subsection.3.3.1}{Protocole}{section.3.3}% 24
\BOOKMARK [2][-]{subsection.3.3.2}{R\351alisation}{section.3.3}% 25
\BOOKMARK [2][-]{subsection.3.3.3}{R\351sultats et analyse}{section.3.3}% 26
\BOOKMARK [0][-]{chapter.4}{Production}{}% 27
\BOOKMARK [1][-]{section.4.1}{Prototype final}{chapter.4}% 28
\BOOKMARK [1][-]{section.4.2}{Protocole du test final}{chapter.4}% 29
\BOOKMARK [1][-]{section.4.3}{Discussion et analyse des r\351sultats}{chapter.4}% 30
\BOOKMARK [0][-]{appendix.A}{Code des applications}{}% 31
\BOOKMARK [1][-]{section.A.1}{Application principale}{appendix.A}% 32
\BOOKMARK [1][-]{section.A.2}{Code Arduino pour les tests}{appendix.A}% 33
\BOOKMARK [0][-]{appendix.B}{Documents utilis\351s en CST}{}% 34
\BOOKMARK [1][-]{section.B.1}{check-list}{appendix.B}% 35
\BOOKMARK [1][-]{section.B.2}{Matrice RACI}{appendix.B}% 36
\BOOKMARK [1][-]{section.B.3}{Diagramme de GANTT}{appendix.B}% 37
